Store App Source Code/android/app/build/intermediates/manifest_merge_blame_file/release/manifest-merger-blame-release-report.txt
1<?xml version="1.0" encoding="utf-8"?>
2<manifest xmlns:android="http://schemas.android.com/apk/res/android"
3    package="store.shpinn.app"
4    android:versionCode="1"
5    android:versionName="1" >
6
7    <uses-sdk
8        android:minSdkVersion="16"
8-->src/main/AndroidManifest.xml
9        android:targetSdkVersion="28" />
9-->src/main/AndroidManifest.xml
10
11    <uses-permission android:name="android.permission.INTERNET" />
11-->src/main/AndroidManifest.xml:4:5-67
11-->src/main/AndroidManifest.xml:4:22-64
12    <uses-permission android:name="android.permission.CAMERA" />
12-->src/main/AndroidManifest.xml:5:5-65
12-->src/main/AndroidManifest.xml:5:22-62
13    <uses-permission android:name="android.permission.WRITE_EXTERNAL_STORAGE" />
13-->src/main/AndroidManifest.xml:6:5-80
13-->src/main/AndroidManifest.xml:6:22-78
14    <uses-permission android:name="android.permission.VIBRATE" />
14-->src/main/AndroidManifest.xml:7:5-66
14-->src/main/AndroidManifest.xml:7:22-63
15    <uses-permission android:name="android.permission.RECEIVE_BOOT_COMPLETED" />
15-->src/main/AndroidManifest.xml:8:5-80
15-->src/main/AndroidManifest.xml:8:22-78
16
17    <!-- Although the *SdkVersion is captured in gradle build files, this is required for non gradle builds -->
18    <!-- <uses-sdk android:minSdkVersion="14"/> -->
19    <uses-permission android:name="android.permission.ACCESS_NETWORK_STATE" />
19-->[com.google.android.datatransport:transport-backend-cct:2.2.0] AndroidManifest.xml:25:5-79
19-->[com.google.android.datatransport:transport-backend-cct:2.2.0] AndroidManifest.xml:25:22-76
20    <uses-permission android:name="android.permission.WAKE_LOCK" /> <!-- Required by older versions of Google Play services to create IID tokens -->
20-->[com.google.firebase:firebase-iid:21.0.0] AndroidManifest.xml:24:5-68
20-->[com.google.firebase:firebase-iid:21.0.0] AndroidManifest.xml:24:22-65
21    <uses-permission android:name="com.google.android.c2dm.permission.RECEIVE" />
21-->[com.google.firebase:firebase-iid:21.0.0] AndroidManifest.xml:26:5-82
21-->[com.google.firebase:firebase-iid:21.0.0] AndroidManifest.xml:26:22-79
22    <uses-permission android:name="com.google.android.finsky.permission.BIND_GET_INSTALL_REFERRER_SERVICE" /> <!-- for android -->
22-->[com.google.android.gms:play-services-measurement:17.6.0] AndroidManifest.xml:26:5-110
22-->[com.google.android.gms:play-services-measurement:17.6.0] AndroidManifest.xml:26:22-107
23    <!-- <uses-permission android:name="com.android.launcher.permission.READ_SETTINGS"/> -->
24    <!-- <uses-permission android:name="com.android.launcher.permission.WRITE_SETTINGS"/> -->
25    <!-- <uses-permission android:name="com.android.launcher.permission.INSTALL_SHORTCUT" /> -->
26    <!-- <uses-permission android:name="com.android.launcher.permission.UNINSTALL_SHORTCUT" /> -->
27    <!-- for Samsung -->
28    <uses-permission android:name="com.sec.android.provider.badge.permission.READ" />
28-->[me.leolin:ShortcutBadger:1.1.22] AndroidManifest.xml:19:5-86
28-->[me.leolin:ShortcutBadger:1.1.22] AndroidManifest.xml:19:22-83
29    <uses-permission android:name="com.sec.android.provider.badge.permission.WRITE" /> <!-- for htc -->
29-->[me.leolin:ShortcutBadger:1.1.22] AndroidManifest.xml:20:5-87
29-->[me.leolin:ShortcutBadger:1.1.22] AndroidManifest.xml:20:22-84
30    <uses-permission android:name="com.htc.launcher.permission.READ_SETTINGS" />
30-->[me.leolin:ShortcutBadger:1.1.22] AndroidManifest.xml:23:5-81
30-->[me.leolin:ShortcutBadger:1.1.22] AndroidManifest.xml:23:22-78
31    <uses-permission android:name="com.htc.launcher.permission.UPDATE_SHORTCUT" /> <!-- for sony -->
31-->[me.leolin:ShortcutBadger:1.1.22] AndroidManifest.xml:24:5-83
31-->[me.leolin:ShortcutBadger:1.1.22] AndroidManifest.xml:24:22-80
32    <uses-permission android:name="com.sonyericsson.home.permission.BROADCAST_BADGE" />
32-->[me.leolin:ShortcutBadger:1.1.22] AndroidManifest.xml:27:5-88
32-->[me.leolin:ShortcutBadger:1.1.22] AndroidManifest.xml:27:22-85
33    <uses-permission android:name="com.sonymobile.home.permission.PROVIDER_INSERT_BADGE" /> <!-- for apex -->
33-->[me.leolin:ShortcutBadger:1.1.22] AndroidManifest.xml:28:5-92
33-->[me.leolin:ShortcutBadger:1.1.22] AndroidManifest.xml:28:22-89
34    <uses-permission android:name="com.anddoes.launcher.permission.UPDATE_COUNT" /> <!-- for solid -->
34-->[me.leolin:ShortcutBadger:1.1.22] AndroidManifest.xml:31:5-84
34-->[me.leolin:ShortcutBadger:1.1.22] AndroidManifest.xml:31:22-81
35    <uses-permission android:name="com.majeur.launcher.permission.UPDATE_BADGE" /> <!-- for huawei -->
35-->[me.leolin:ShortcutBadger:1.1.22] AndroidManifest.xml:34:5-83
35-->[me.leolin:ShortcutBadger:1.1.22] AndroidManifest.xml:34:22-80
36    <uses-permission android:name="com.huawei.android.launcher.permission.CHANGE_BADGE" />
36-->[me.leolin:ShortcutBadger:1.1.22] AndroidManifest.xml:37:5-91
36-->[me.leolin:ShortcutBadger:1.1.22] AndroidManifest.xml:37:22-88
37    <uses-permission android:name="com.huawei.android.launcher.permission.READ_SETTINGS" />
37-->[me.leolin:ShortcutBadger:1.1.22] AndroidManifest.xml:38:5-92
37-->[me.leolin:ShortcutBadger:1.1.22] AndroidManifest.xml:38:22-89
38    <uses-permission android:name="com.huawei.android.launcher.permission.WRITE_SETTINGS" /> <!-- for ZUK -->
38-->[me.leolin:ShortcutBadger:1.1.22] AndroidManifest.xml:39:5-93
38-->[me.leolin:ShortcutBadger:1.1.22] AndroidManifest.xml:39:22-90
39    <uses-permission android:name="android.permission.READ_APP_BADGE" /> <!-- for OPPO -->
39-->[me.leolin:ShortcutBadger:1.1.22] AndroidManifest.xml:42:5-73
39-->[me.leolin:ShortcutBadger:1.1.22] AndroidManifest.xml:42:22-70
40    <uses-permission android:name="com.oppo.launcher.permission.READ_SETTINGS" />
40-->[me.leolin:ShortcutBadger:1.1.22] AndroidManifest.xml:45:5-82
40-->[me.leolin:ShortcutBadger:1.1.22] AndroidManifest.xml:45:22-79
41    <uses-permission android:name="com.oppo.launcher.permission.WRITE_SETTINGS" /> <!-- for EvMe -->
41-->[me.leolin:ShortcutBadger:1.1.22] AndroidManifest.xml:46:5-83
41-->[me.leolin:ShortcutBadger:1.1.22] AndroidManifest.xml:46:22-80
42    <uses-permission android:name="me.everything.badger.permission.BADGE_COUNT_READ" />
42-->[me.leolin:ShortcutBadger:1.1.22] AndroidManifest.xml:49:5-88
42-->[me.leolin:ShortcutBadger:1.1.22] AndroidManifest.xml:49:22-85
43    <uses-permission android:name="me.everything.badger.permission.BADGE_COUNT_WRITE" />
43-->[me.leolin:ShortcutBadger:1.1.22] AndroidManifest.xml:50:5-89
43-->[me.leolin:ShortcutBadger:1.1.22] AndroidManifest.xml:50:22-86
44
45    <application
45-->src/main/AndroidManifest.xml:9:5-62:19
46        android:name="store.shpinn.app.MainApplication"
46-->src/main/AndroidManifest.xml:10:7-38
47        android:allowBackup="false"
47-->src/main/AndroidManifest.xml:14:7-34
48        android:appComponentFactory="androidx.core.app.CoreComponentFactory"
48-->[androidx.core:core:1.1.0] AndroidManifest.xml:24:18-86
49        android:icon="@mipmap/storeicon"
49-->src/main/AndroidManifest.xml:12:7-39
50        android:label="@string/app_name"
50-->src/main/AndroidManifest.xml:11:7-39
51        android:roundIcon="@mipmap/storeicon"
51-->src/main/AndroidManifest.xml:13:7-44
52        android:theme="@style/AppTheme" >
52-->src/main/AndroidManifest.xml:15:7-38
53        <meta-data
53-->src/main/AndroidManifest.xml:16:7-17:43
54            android:name="com.dieam.reactnativepushnotification.notification_channel_name"
54-->src/main/AndroidManifest.xml:16:19-97
55            android:value="STORE MESSAGE" />
55-->src/main/AndroidManifest.xml:17:12-41
56        <meta-data
56-->src/main/AndroidManifest.xml:18:8-19:36
57            android:name="com.dieam.reactnativepushnotification.notification_channel_description"
57-->src/main/AndroidManifest.xml:18:20-105
58            android:value="MESSAGE" />
58-->src/main/AndroidManifest.xml:19:11-34
59        <meta-data
59-->src/main/AndroidManifest.xml:20:9-22:71
60            android:name="com.google.firebase.messaging.default_notification_channel_id"
60-->src/main/AndroidManifest.xml:21:13-89
61            android:value="@string/default_notification_channel_id" />
61-->src/main/AndroidManifest.xml:22:13-68
62        <meta-data
62-->src/main/AndroidManifest.xml:25:9-26:35
63            android:name="com.dieam.reactnativepushnotification.notification_foreground"
63-->src/main/AndroidManifest.xml:25:21-97
64            android:value="true" />
64-->src/main/AndroidManifest.xml:26:13-33
65        <meta-data
65-->src/main/AndroidManifest.xml:27:9-28:35
66            android:name="com.dieam.reactnativepushnotification.channel_create_default"
66-->src/main/AndroidManifest.xml:27:21-96
67            android:value="true" />
67-->src/main/AndroidManifest.xml:28:13-33
68        <meta-data
68-->src/main/AndroidManifest.xml:29:9-30:46
69            android:name="com.dieam.reactnativepushnotification.notification_color"
69-->src/main/AndroidManifest.xml:29:21-92
70            android:resource="@color/white" />
70-->src/main/AndroidManifest.xml:30:13-44
71        <meta-data
71-->src/main/AndroidManifest.xml:31:9-33:58
72            android:name="com.google.firebase.messaging.default_notification_icon"
72-->src/main/AndroidManifest.xml:32:13-83
73            android:resource="@mipmap/ic_notification" />
73-->src/main/AndroidManifest.xml:33:13-55
74
75        <receiver android:name="com.dieam.reactnativepushnotification.modules.RNPushNotificationActions" />
75-->src/main/AndroidManifest.xml:34:9-108
75-->src/main/AndroidManifest.xml:34:19-105
76        <receiver android:name="com.dieam.reactnativepushnotification.modules.RNPushNotificationPublisher" />
76-->src/main/AndroidManifest.xml:35:9-110
76-->src/main/AndroidManifest.xml:35:19-107
77        <receiver android:name="com.dieam.reactnativepushnotification.modules.RNPushNotificationBootEventReceiver" >
77-->src/main/AndroidManifest.xml:36:9-40:20
77-->src/main/AndroidManifest.xml:36:19-115
78            <intent-filter>
78-->src/main/AndroidManifest.xml:37:13-39:29
79                <action android:name="android.intent.action.BOOT_COMPLETED" />
79-->src/main/AndroidManifest.xml:38:17-79
79-->src/main/AndroidManifest.xml:38:25-76
80            </intent-filter>
81        </receiver>
82
83        <service
83-->src/main/AndroidManifest.xml:42:9-48:19
84            android:name="com.dieam.reactnativepushnotification.modules.RNPushNotificationListenerService"
84-->src/main/AndroidManifest.xml:43:13-107
85            android:exported="true" >
85-->src/main/AndroidManifest.xml:44:13-36
86            <intent-filter>
86-->src/main/AndroidManifest.xml:45:13-47:29
87                <action android:name="com.google.firebase.MESSAGING_EVENT" />
87-->src/main/AndroidManifest.xml:46:17-78
87-->src/main/AndroidManifest.xml:46:25-75
88            </intent-filter>
89        </service>
90
91        <activity
91-->src/main/AndroidManifest.xml:49:7-60:18
92            android:name="store.shpinn.app.MainActivity"
92-->src/main/AndroidManifest.xml:50:9-37
93            android:configChanges="keyboard|keyboardHidden|orientation|screenSize|uiMode"
93-->src/main/AndroidManifest.xml:52:9-86
94            android:label="@string/app_name"
94-->src/main/AndroidManifest.xml:51:9-41
95            android:launchMode="singleTask"
95-->src/main/AndroidManifest.xml:53:9-40
96            android:screenOrientation="portrait"
96-->src/main/AndroidManifest.xml:54:9-45
97            android:windowSoftInputMode="adjustResize" >
97-->src/main/AndroidManifest.xml:55:9-51
98            <intent-filter>
98-->src/main/AndroidManifest.xml:56:9-59:25
99                <action android:name="android.intent.action.MAIN" />
99-->src/main/AndroidManifest.xml:57:13-65
99-->src/main/AndroidManifest.xml:57:21-62
100
101                <category android:name="android.intent.category.LAUNCHER" />
101-->src/main/AndroidManifest.xml:58:13-73
101-->src/main/AndroidManifest.xml:58:23-70
102            </intent-filter>
103        </activity>
104        <activity android:name="com.facebook.react.devsupport.DevSettingsActivity" />
104-->src/main/AndroidManifest.xml:61:7-84
104-->src/main/AndroidManifest.xml:61:17-81
105
106        <provider
106-->[:react-native-image-crop-picker] AndroidManifest.xml:13:9-21:20
107            android:name="androidx.core.content.FileProvider"
107-->[:react-native-image-crop-picker] AndroidManifest.xml:14:13-62
108            android:authorities="store.shpinn.app.provider"
108-->[:react-native-image-crop-picker] AndroidManifest.xml:15:13-60
109            android:exported="false"
109-->[:react-native-image-crop-picker] AndroidManifest.xml:16:13-37
110            android:grantUriPermissions="true" >
110-->[:react-native-image-crop-picker] AndroidManifest.xml:17:13-47
111            <meta-data
111-->[:react-native-image-crop-picker] AndroidManifest.xml:18:13-20:58
112                android:name="android.support.FILE_PROVIDER_PATHS"
112-->[:react-native-image-crop-picker] AndroidManifest.xml:19:17-67
113                android:resource="@xml/provider_paths" />
113-->[:react-native-image-crop-picker] AndroidManifest.xml:20:17-55
114        </provider>
115
116        <activity
116-->[:react-native-image-crop-picker] AndroidManifest.xml:23:9-25:72
117            android:name="com.yalantis.ucrop.UCropActivity"
117-->[:react-native-image-crop-picker] AndroidManifest.xml:24:13-60
118            android:theme="@style/Theme.AppCompat.Light.NoActionBar" />
118-->[:react-native-image-crop-picker] AndroidManifest.xml:25:13-69
119
120        <provider
120-->[:react-native-image-picker] AndroidManifest.xml:10:9-18:20
121            android:name="com.imagepicker.FileProvider"
121-->[:react-native-image-picker] AndroidManifest.xml:11:13-56
122            android:authorities="store.shpinn.app.provider"
122-->[:react-native-image-picker] AndroidManifest.xml:12:13-60
123            android:exported="false"
123-->[:react-native-image-picker] AndroidManifest.xml:13:13-37
124            android:grantUriPermissions="true" >
124-->[:react-native-image-picker] AndroidManifest.xml:14:13-47
125            <meta-data
125-->[:react-native-image-crop-picker] AndroidManifest.xml:18:13-20:58
126                android:name="android.support.FILE_PROVIDER_PATHS"
126-->[:react-native-image-crop-picker] AndroidManifest.xml:19:17-67
127                android:resource="@xml/provider_paths" />
127-->[:react-native-image-crop-picker] AndroidManifest.xml:20:17-55
128        </provider>
129        <!--
130             FirebaseMessagingService performs security checks at runtime,
131             but set to not exported to explicitly avoid allowing another app to call it.
132        -->
133        <service
133-->[com.google.firebase:firebase-messaging:21.0.0] AndroidManifest.xml:28:9-35:19
134            android:name="com.google.firebase.messaging.FirebaseMessagingService"
134-->[com.google.firebase:firebase-messaging:21.0.0] AndroidManifest.xml:29:13-82
135            android:directBootAware="true"
135-->[com.google.firebase:firebase-messaging:21.0.0] AndroidManifest.xml:30:13-43
136            android:exported="false" >
136-->[com.google.firebase:firebase-messaging:21.0.0] AndroidManifest.xml:31:13-37
137            <intent-filter android:priority="-500" >
137-->src/main/AndroidManifest.xml:45:13-47:29
138                <action android:name="com.google.firebase.MESSAGING_EVENT" />
138-->src/main/AndroidManifest.xml:46:17-78
138-->src/main/AndroidManifest.xml:46:25-75
139            </intent-filter>
140        </service>
141        <service
141-->[com.google.firebase:firebase-messaging:21.0.0] AndroidManifest.xml:36:9-42:19
142            android:name="com.google.firebase.components.ComponentDiscoveryService"
142-->[com.google.firebase:firebase-messaging:21.0.0] AndroidManifest.xml:37:13-84
143            android:directBootAware="true"
143-->[com.google.firebase:firebase-common:19.3.0] AndroidManifest.xml:34:13-43
144            android:exported="false" >
144-->[com.google.firebase:firebase-messaging:21.0.0] AndroidManifest.xml:38:13-37
145            <meta-data
145-->[com.google.firebase:firebase-messaging:21.0.0] AndroidManifest.xml:39:13-41:85
146                android:name="com.google.firebase.components:com.google.firebase.messaging.FirebaseMessagingRegistrar"
146-->[com.google.firebase:firebase-messaging:21.0.0] AndroidManifest.xml:40:17-119
147                android:value="com.google.firebase.components.ComponentRegistrar" />
147-->[com.google.firebase:firebase-messaging:21.0.0] AndroidManifest.xml:41:17-82
148            <meta-data
148-->[com.google.firebase:firebase-datatransport:17.0.3] AndroidManifest.xml:28:13-30:85
149                android:name="com.google.firebase.components:com.google.firebase.datatransport.TransportRegistrar"
149-->[com.google.firebase:firebase-datatransport:17.0.3] AndroidManifest.xml:29:17-115
150                android:value="com.google.firebase.components.ComponentRegistrar" />
150-->[com.google.firebase:firebase-datatransport:17.0.3] AndroidManifest.xml:30:17-82
151            <meta-data
151-->[com.google.firebase:firebase-iid:21.0.0] AndroidManifest.xml:32:13-34:85
152                android:name="com.google.firebase.components:com.google.firebase.iid.Registrar"
152-->[com.google.firebase:firebase-iid:21.0.0] AndroidManifest.xml:33:17-96
153                android:value="com.google.firebase.components.ComponentRegistrar" />
153-->[com.google.firebase:firebase-iid:21.0.0] AndroidManifest.xml:34:17-82
154            <meta-data
154-->[com.google.android.gms:play-services-measurement-api:17.6.0] AndroidManifest.xml:30:13-32:85
155                android:name="com.google.firebase.components:com.google.firebase.analytics.connector.internal.AnalyticsConnectorRegistrar"
155-->[com.google.android.gms:play-services-measurement-api:17.6.0] AndroidManifest.xml:31:17-139
156                android:value="com.google.firebase.components.ComponentRegistrar" />
156-->[com.google.android.gms:play-services-measurement-api:17.6.0] AndroidManifest.xml:32:17-82
157            <meta-data
157-->[com.google.firebase:firebase-installations:16.3.3] AndroidManifest.xml:17:13-19:85
158                android:name="com.google.firebase.components:com.google.firebase.installations.FirebaseInstallationsRegistrar"
158-->[com.google.firebase:firebase-installations:16.3.3] AndroidManifest.xml:18:17-127
159                android:value="com.google.firebase.components.ComponentRegistrar" />
159-->[com.google.firebase:firebase-installations:16.3.3] AndroidManifest.xml:19:17-82
160        </service>
161        <service
161-->[com.google.android.datatransport:transport-backend-cct:2.2.0] AndroidManifest.xml:29:9-35:19
162            android:name="com.google.android.datatransport.runtime.backends.TransportBackendDiscovery"
162-->[com.google.android.datatransport:transport-backend-cct:2.2.0] AndroidManifest.xml:30:13-103
163            android:exported="false" >
163-->[com.google.android.datatransport:transport-backend-cct:2.2.0] AndroidManifest.xml:31:13-37
164            <meta-data
164-->[com.google.android.datatransport:transport-backend-cct:2.2.0] AndroidManifest.xml:32:13-34:39
165                android:name="backend:com.google.android.datatransport.cct.CctBackendFactory"
165-->[com.google.android.datatransport:transport-backend-cct:2.2.0] AndroidManifest.xml:33:17-94
166                android:value="cct" />
166-->[com.google.android.datatransport:transport-backend-cct:2.2.0] AndroidManifest.xml:34:17-36
167        </service>
168        <service
168-->[com.google.android.datatransport:transport-runtime:2.2.0] AndroidManifest.xml:26:9-30:19
169            android:name="com.google.android.datatransport.runtime.scheduling.jobscheduling.JobInfoSchedulerService"
169-->[com.google.android.datatransport:transport-runtime:2.2.0] AndroidManifest.xml:27:13-117
170            android:exported="false"
170-->[com.google.android.datatransport:transport-runtime:2.2.0] AndroidManifest.xml:28:13-37
171            android:permission="android.permission.BIND_JOB_SERVICE" >
171-->[com.google.android.datatransport:transport-runtime:2.2.0] AndroidManifest.xml:29:13-69
172        </service>
173
174        <receiver
174-->[com.google.android.datatransport:transport-runtime:2.2.0] AndroidManifest.xml:32:9-34:40
175            android:name="com.google.android.datatransport.runtime.scheduling.jobscheduling.AlarmManagerSchedulerBroadcastReceiver"
175-->[com.google.android.datatransport:transport-runtime:2.2.0] AndroidManifest.xml:33:13-132
176            android:exported="false" />
176-->[com.google.android.datatransport:transport-runtime:2.2.0] AndroidManifest.xml:34:13-37
177        <receiver
177-->[com.google.firebase:firebase-iid:21.0.0] AndroidManifest.xml:37:9-44:20
178            android:name="com.google.firebase.iid.FirebaseInstanceIdReceiver"
178-->[com.google.firebase:firebase-iid:21.0.0] AndroidManifest.xml:38:13-78
179            android:exported="true"
179-->[com.google.firebase:firebase-iid:21.0.0] AndroidManifest.xml:39:13-36
180            android:permission="com.google.android.c2dm.permission.SEND" >
180-->[com.google.firebase:firebase-iid:21.0.0] AndroidManifest.xml:40:13-73
181            <intent-filter>
181-->[com.google.firebase:firebase-iid:21.0.0] AndroidManifest.xml:41:13-43:29
182                <action android:name="com.google.android.c2dm.intent.RECEIVE" />
182-->[com.google.firebase:firebase-iid:21.0.0] AndroidManifest.xml:42:17-81
182-->[com.google.firebase:firebase-iid:21.0.0] AndroidManifest.xml:42:25-78
183            </intent-filter>
184        </receiver>
185
186        <provider
186-->[com.google.firebase:firebase-common:19.3.0] AndroidManifest.xml:26:9-30:39
187            android:name="com.google.firebase.provider.FirebaseInitProvider"
187-->[com.google.firebase:firebase-common:19.3.0] AndroidManifest.xml:27:13-77
188            android:authorities="store.shpinn.app.firebaseinitprovider"
188-->[com.google.firebase:firebase-common:19.3.0] AndroidManifest.xml:28:13-72
189            android:exported="false"
189-->[com.google.firebase:firebase-common:19.3.0] AndroidManifest.xml:29:13-37
190            android:initOrder="100" />
190-->[com.google.firebase:firebase-common:19.3.0] AndroidManifest.xml:30:13-36
191
192        <activity
192-->[com.google.android.gms:play-services-auth:18.1.0] AndroidManifest.xml:23:9-27:75
193            android:name="com.google.android.gms.auth.api.signin.internal.SignInHubActivity"
193-->[com.google.android.gms:play-services-auth:18.1.0] AndroidManifest.xml:24:13-93
194            android:excludeFromRecents="true"
194-->[com.google.android.gms:play-services-auth:18.1.0] AndroidManifest.xml:25:13-46
195            android:exported="false"
195-->[com.google.android.gms:play-services-auth:18.1.0] AndroidManifest.xml:26:13-37
196            android:theme="@android:style/Theme.Translucent.NoTitleBar" />
196-->[com.google.android.gms:play-services-auth:18.1.0] AndroidManifest.xml:27:13-72
197        <!--
198            Service handling Google Sign-In user revocation. For apps that do not integrate with
199            Google Sign-In, this service will never be started.
200        -->
201        <service
201-->[com.google.android.gms:play-services-auth:18.1.0] AndroidManifest.xml:33:9-37:51
202            android:name="com.google.android.gms.auth.api.signin.RevocationBoundService"
202-->[com.google.android.gms:play-services-auth:18.1.0] AndroidManifest.xml:34:13-89
203            android:exported="true"
203-->[com.google.android.gms:play-services-auth:18.1.0] AndroidManifest.xml:35:13-36
204            android:permission="com.google.android.gms.auth.api.signin.permission.REVOCATION_NOTIFICATION"
204-->[com.google.android.gms:play-services-auth:18.1.0] AndroidManifest.xml:36:13-107
205            android:visibleToInstantApps="true" />
205-->[com.google.android.gms:play-services-auth:18.1.0] AndroidManifest.xml:37:13-48
206
207        <receiver
207-->[com.google.android.gms:play-services-measurement:17.6.0] AndroidManifest.xml:29:9-33:20
208            android:name="com.google.android.gms.measurement.AppMeasurementReceiver"
208-->[com.google.android.gms:play-services-measurement:17.6.0] AndroidManifest.xml:30:13-85
209            android:enabled="true"
209-->[com.google.android.gms:play-services-measurement:17.6.0] AndroidManifest.xml:31:13-35
210            android:exported="false" >
210-->[com.google.android.gms:play-services-measurement:17.6.0] AndroidManifest.xml:32:13-37
211        </receiver>
212
213        <service
213-->[com.google.android.gms:play-services-measurement:17.6.0] AndroidManifest.xml:35:9-38:40
214            android:name="com.google.android.gms.measurement.AppMeasurementService"
214-->[com.google.android.gms:play-services-measurement:17.6.0] AndroidManifest.xml:36:13-84
215            android:enabled="true"
215-->[com.google.android.gms:play-services-measurement:17.6.0] AndroidManifest.xml:37:13-35
216            android:exported="false" />
216-->[com.google.android.gms:play-services-measurement:17.6.0] AndroidManifest.xml:38:13-37
217        <service
217-->[com.google.android.gms:play-services-measurement:17.6.0] AndroidManifest.xml:39:9-43:72
218            android:name="com.google.android.gms.measurement.AppMeasurementJobService"
218-->[com.google.android.gms:play-services-measurement:17.6.0] AndroidManifest.xml:40:13-87
219            android:enabled="true"
219-->[com.google.android.gms:play-services-measurement:17.6.0] AndroidManifest.xml:41:13-35
220            android:exported="false"
220-->[com.google.android.gms:play-services-measurement:17.6.0] AndroidManifest.xml:42:13-37
221            android:permission="android.permission.BIND_JOB_SERVICE" />
221-->[com.google.android.gms:play-services-measurement:17.6.0] AndroidManifest.xml:43:13-69
222
223        <activity
223-->[com.google.android.gms:play-services-base:17.1.0] AndroidManifest.xml:23:9-26:75
224            android:name="com.google.android.gms.common.api.GoogleApiActivity"
224-->[com.google.android.gms:play-services-base:17.1.0] AndroidManifest.xml:24:13-79
225            android:exported="false"
225-->[com.google.android.gms:play-services-base:17.1.0] AndroidManifest.xml:25:13-37
226            android:theme="@android:style/Theme.Translucent.NoTitleBar" />
226-->[com.google.android.gms:play-services-base:17.1.0] AndroidManifest.xml:26:13-72
227
228        <meta-data
228-->[com.google.android.gms:play-services-basement:17.1.1] AndroidManifest.xml:23:9-25:69
229            android:name="com.google.android.gms.version"
229-->[com.google.android.gms:play-services-basement:17.1.1] AndroidManifest.xml:24:13-58
230            android:value="@integer/google_play_services_version" />
230-->[com.google.android.gms:play-services-basement:17.1.1] AndroidManifest.xml:25:13-66
231    </application>
232
233</manifest>